{"/Users/sooryen/Documents/react-18f-test/react-search-app/src/App.js": {"path":"/Users/sooryen/Documents/react-18f-test/react-search-app/src/App.js","statementMap":{"0":{"start":{"line":5,"column":12},"end":{"line":5,"column":32}},"1":{"start":{"line":5,"column":18},"end":{"line":5,"column":32}}},"fnMap":{"0":{"name":"(anonymous_0)","decl":{"start":{"line":5,"column":12},"end":{"line":5,"column":13}},"loc":{"start":{"line":5,"column":18},"end":{"line":5,"column":32}},"line":5}},"branchMap":{},"s":{"0":1,"1":0},"f":{"0":0},"b":{},"_coverageSchema":"43e27e138ebf9cfc5966b082cf9a028302ed4184","hash":"2b1ccf898b2b1330b7151d0ba5db9ee3209f0f97"}
,"/Users/sooryen/Documents/react-18f-test/react-search-app/src/index.js": {"path":"/Users/sooryen/Documents/react-18f-test/react-search-app/src/index.js","statementMap":{"0":{"start":{"line":11,"column":0},"end":{"line":19,"column":2}}},"fnMap":{},"branchMap":{},"s":{"0":1},"f":{},"b":{},"_coverageSchema":"43e27e138ebf9cfc5966b082cf9a028302ed4184","hash":"14aceae38101cba808ccd2c0076167c8134c26d5"}
,"/Users/sooryen/Documents/react-18f-test/react-search-app/src/Routes/MainRoutes.js": {"path":"/Users/sooryen/Documents/react-18f-test/react-search-app/src/Routes/MainRoutes.js","statementMap":{"0":{"start":{"line":10,"column":15},"end":{"line":10,"column":57}},"1":{"start":{"line":10,"column":26},"end":{"line":10,"column":56}},"2":{"start":{"line":11,"column":15},"end":{"line":11,"column":57}},"3":{"start":{"line":11,"column":26},"end":{"line":11,"column":56}},"4":{"start":{"line":14,"column":2},"end":{"line":23,"column":3}}},"fnMap":{"0":{"name":"(anonymous_0)","decl":{"start":{"line":10,"column":20},"end":{"line":10,"column":21}},"loc":{"start":{"line":10,"column":26},"end":{"line":10,"column":56}},"line":10},"1":{"name":"(anonymous_1)","decl":{"start":{"line":11,"column":20},"end":{"line":11,"column":21}},"loc":{"start":{"line":11,"column":26},"end":{"line":11,"column":56}},"line":11},"2":{"name":"MainRoutes","decl":{"start":{"line":13,"column":9},"end":{"line":13,"column":19}},"loc":{"start":{"line":13,"column":22},"end":{"line":24,"column":1}},"line":13}},"branchMap":{},"s":{"0":1,"1":0,"2":1,"3":0,"4":0},"f":{"0":0,"1":0,"2":0},"b":{},"_coverageSchema":"43e27e138ebf9cfc5966b082cf9a028302ed4184","hash":"b11b90a4ddc31b52e1a541d8dfec39b283a4ebfc"}
,"/Users/sooryen/Documents/react-18f-test/react-search-app/src/assets/images/article_image.jpeg": {"path":"/Users/sooryen/Documents/react-18f-test/react-search-app/src/assets/images/article_image.jpeg","statementMap":{"0":{"start":{"line":1,"column":0},"end":{"line":1,"column":38}}},"fnMap":{},"branchMap":{},"s":{"0":3},"f":{},"b":{},"_coverageSchema":"43e27e138ebf9cfc5966b082cf9a028302ed4184","hash":"c65f02572bd391171450ed51af9715e21d19fcf0"}
,"/Users/sooryen/Documents/react-18f-test/react-search-app/src/components/Articles.js": {"path":"/Users/sooryen/Documents/react-18f-test/react-search-app/src/components/Articles.js","statementMap":{"0":{"start":{"line":17,"column":18},"end":{"line":48,"column":2}},"1":{"start":{"line":17,"column":30},"end":{"line":48,"column":1}},"2":{"start":{"line":50,"column":17},"end":{"line":166,"column":1}},"3":{"start":{"line":52,"column":36},"end":{"line":52,"column":51}},"4":{"start":{"line":53,"column":31},"end":{"line":53,"column":43}},"5":{"start":{"line":54,"column":29},"end":{"line":54,"column":41}},"6":{"start":{"line":55,"column":28},"end":{"line":55,"column":40}},"7":{"start":{"line":57,"column":22},"end":{"line":61,"column":3}},"8":{"start":{"line":58,"column":4},"end":{"line":58,"column":23}},"9":{"start":{"line":59,"column":4},"end":{"line":59,"column":20}},"10":{"start":{"line":60,"column":4},"end":{"line":60,"column":18}},"11":{"start":{"line":63,"column":23},"end":{"line":65,"column":3}},"12":{"start":{"line":64,"column":4},"end":{"line":64,"column":33}},"13":{"start":{"line":66,"column":22},"end":{"line":81,"column":3}},"14":{"start":{"line":67,"column":4},"end":{"line":80,"column":5}},"15":{"start":{"line":68,"column":6},"end":{"line":68,"column":51}},"16":{"start":{"line":70,"column":9},"end":{"line":80,"column":5}},"17":{"start":{"line":71,"column":6},"end":{"line":71,"column":56}},"18":{"start":{"line":73,"column":6},"end":{"line":75,"column":7}},"19":{"start":{"line":74,"column":8},"end":{"line":74,"column":42}},"20":{"start":{"line":76,"column":6},"end":{"line":76,"column":26}},"21":{"start":{"line":77,"column":6},"end":{"line":77,"column":19}},"22":{"start":{"line":78,"column":6},"end":{"line":78,"column":19}},"23":{"start":{"line":79,"column":6},"end":{"line":79,"column":18}},"24":{"start":{"line":83,"column":23},"end":{"line":156,"column":5}},"25":{"start":{"line":90,"column":29},"end":{"line":90,"column":44}},"26":{"start":{"line":110,"column":25},"end":{"line":110,"column":48}},"27":{"start":{"line":158,"column":2},"end":{"line":165,"column":4}}},"fnMap":{"0":{"name":"(anonymous_0)","decl":{"start":{"line":17,"column":18},"end":{"line":17,"column":19}},"loc":{"start":{"line":17,"column":30},"end":{"line":48,"column":1}},"line":17},"1":{"name":"(anonymous_1)","decl":{"start":{"line":50,"column":17},"end":{"line":50,"column":18}},"loc":{"start":{"line":50,"column":59},"end":{"line":166,"column":1}},"line":50},"2":{"name":"(anonymous_2)","decl":{"start":{"line":57,"column":22},"end":{"line":57,"column":23}},"loc":{"start":{"line":57,"column":28},"end":{"line":61,"column":3}},"line":57},"3":{"name":"(anonymous_3)","decl":{"start":{"line":63,"column":23},"end":{"line":63,"column":24}},"loc":{"start":{"line":63,"column":34},"end":{"line":65,"column":3}},"line":63},"4":{"name":"(anonymous_4)","decl":{"start":{"line":66,"column":22},"end":{"line":66,"column":23}},"loc":{"start":{"line":66,"column":28},"end":{"line":81,"column":3}},"line":66},"5":{"name":"(anonymous_5)","decl":{"start":{"line":90,"column":22},"end":{"line":90,"column":23}},"loc":{"start":{"line":90,"column":29},"end":{"line":90,"column":44}},"line":90},"6":{"name":"(anonymous_6)","decl":{"start":{"line":110,"column":20},"end":{"line":110,"column":21}},"loc":{"start":{"line":110,"column":25},"end":{"line":110,"column":48}},"line":110}},"branchMap":{"0":{"loc":{"start":{"line":67,"column":4},"end":{"line":80,"column":5}},"type":"if","locations":[{"start":{"line":67,"column":4},"end":{"line":80,"column":5}},{"start":{"line":67,"column":4},"end":{"line":80,"column":5}}],"line":67},"1":{"loc":{"start":{"line":70,"column":9},"end":{"line":80,"column":5}},"type":"if","locations":[{"start":{"line":70,"column":9},"end":{"line":80,"column":5}},{"start":{"line":70,"column":9},"end":{"line":80,"column":5}}],"line":70},"2":{"loc":{"start":{"line":73,"column":6},"end":{"line":75,"column":7}},"type":"if","locations":[{"start":{"line":73,"column":6},"end":{"line":75,"column":7}},{"start":{"line":73,"column":6},"end":{"line":75,"column":7}}],"line":73},"3":{"loc":{"start":{"line":73,"column":10},"end":{"line":73,"column":48}},"type":"binary-expr","locations":[{"start":{"line":73,"column":10},"end":{"line":73,"column":28}},{"start":{"line":73,"column":32},"end":{"line":73,"column":48}}],"line":73},"4":{"loc":{"start":{"line":83,"column":23},"end":{"line":156,"column":5}},"type":"cond-expr","locations":[{"start":{"line":84,"column":4},"end":{"line":128,"column":10}},{"start":{"line":130,"column":6},"end":{"line":155,"column":12}}],"line":83},"5":{"loc":{"start":{"line":99,"column":24},"end":{"line":99,"column":44}},"type":"binary-expr","locations":[{"start":{"line":99,"column":24},"end":{"line":99,"column":29}},{"start":{"line":99,"column":33},"end":{"line":99,"column":44}}],"line":99},"6":{"loc":{"start":{"line":116,"column":22},"end":{"line":116,"column":41}},"type":"binary-expr","locations":[{"start":{"line":116,"column":22},"end":{"line":116,"column":27}},{"start":{"line":116,"column":31},"end":{"line":116,"column":41}}],"line":116}},"s":{"0":3,"1":2,"2":3,"3":9,"4":9,"5":9,"6":9,"7":9,"8":1,"9":1,"10":1,"11":9,"12":2,"13":9,"14":2,"15":1,"16":1,"17":0,"18":1,"19":1,"20":1,"21":1,"22":1,"23":1,"24":9,"25":2,"26":2,"27":9},"f":{"0":2,"1":9,"2":1,"3":2,"4":2,"5":2,"6":2},"b":{"0":[1,1],"1":[0,1],"2":[1,0],"3":[1,0],"4":[6,3],"5":[6,6],"6":[6,6]},"_coverageSchema":"43e27e138ebf9cfc5966b082cf9a028302ed4184","hash":"8295a8ea58a6269876e9139c71b1797a41feb105"}
,"/Users/sooryen/Documents/react-18f-test/react-search-app/src/components/Skeletons.js": {"path":"/Users/sooryen/Documents/react-18f-test/react-search-app/src/components/Skeletons.js","statementMap":{"0":{"start":{"line":8,"column":18},"end":{"line":18,"column":2}},"1":{"start":{"line":8,"column":25},"end":{"line":18,"column":1}},"2":{"start":{"line":20,"column":18},"end":{"line":34,"column":1}},"3":{"start":{"line":22,"column":2},"end":{"line":33,"column":3}},"4":{"start":{"line":27,"column":8},"end":{"line":29,"column":15}}},"fnMap":{"0":{"name":"(anonymous_0)","decl":{"start":{"line":8,"column":18},"end":{"line":8,"column":19}},"loc":{"start":{"line":8,"column":25},"end":{"line":18,"column":1}},"line":8},"1":{"name":"(anonymous_1)","decl":{"start":{"line":20,"column":18},"end":{"line":20,"column":19}},"loc":{"start":{"line":20,"column":35},"end":{"line":34,"column":1}},"line":20},"2":{"name":"(anonymous_2)","decl":{"start":{"line":26,"column":37},"end":{"line":26,"column":38}},"loc":{"start":{"line":27,"column":8},"end":{"line":29,"column":15}},"line":27}},"branchMap":{},"s":{"0":4,"1":1,"2":4,"3":1,"4":12},"f":{"0":1,"1":1,"2":12},"b":{},"_coverageSchema":"43e27e138ebf9cfc5966b082cf9a028302ed4184","hash":"e032e7737651f0734fb1c9840e766a3bee5499d0"}
,"/Users/sooryen/Documents/react-18f-test/react-search-app/src/config/TestProvider.js": {"path":"/Users/sooryen/Documents/react-18f-test/react-search-app/src/config/TestProvider.js","statementMap":{"0":{"start":{"line":10,"column":2},"end":{"line":14,"column":4}}},"fnMap":{"0":{"name":"TestProvider","decl":{"start":{"line":9,"column":24},"end":{"line":9,"column":36}},"loc":{"start":{"line":9,"column":51},"end":{"line":15,"column":1}},"line":9}},"branchMap":{},"s":{"0":6},"f":{"0":6},"b":{},"_coverageSchema":"43e27e138ebf9cfc5966b082cf9a028302ed4184","hash":"b08e10e6004d0fa34f26d9605c98ea5893fa0e05"}
,"/Users/sooryen/Documents/react-18f-test/react-search-app/src/config/mocks/articles.js": {"path":"/Users/sooryen/Documents/react-18f-test/react-search-app/src/config/mocks/articles.js","statementMap":{},"fnMap":{},"branchMap":{},"s":{},"f":{},"b":{},"_coverageSchema":"43e27e138ebf9cfc5966b082cf9a028302ed4184","hash":"1a1e611ba14bdc422adcc0e03cfc288022cabb76"}
,"/Users/sooryen/Documents/react-18f-test/react-search-app/src/config/mocks/fetchPostsMockData.js": {"path":"/Users/sooryen/Documents/react-18f-test/react-search-app/src/config/mocks/fetchPostsMockData.js","statementMap":{"0":{"start":{"line":1,"column":27},"end":{"line":62,"column":2}}},"fnMap":{},"branchMap":{},"s":{"0":1},"f":{},"b":{},"_coverageSchema":"43e27e138ebf9cfc5966b082cf9a028302ed4184","hash":"7b136df5246663511c21af2c364b2f9ee454dc7c"}
,"/Users/sooryen/Documents/react-18f-test/react-search-app/src/config/mocks/mainArticles.js": {"path":"/Users/sooryen/Documents/react-18f-test/react-search-app/src/config/mocks/mainArticles.js","statementMap":{},"fnMap":{},"branchMap":{},"s":{},"f":{},"b":{},"_coverageSchema":"43e27e138ebf9cfc5966b082cf9a028302ed4184","hash":"ce26b38cc87ae57d625a4da467e2e3557171e225"}
,"/Users/sooryen/Documents/react-18f-test/react-search-app/src/config/mocks/mockArticles.js": {"path":"/Users/sooryen/Documents/react-18f-test/react-search-app/src/config/mocks/mockArticles.js","statementMap":{"0":{"start":{"line":1,"column":21},"end":{"line":62,"column":2}}},"fnMap":{},"branchMap":{},"s":{"0":0},"f":{},"b":{},"hash":"6e44c23e90b0de1c6f811e2dfb70fd8d174bca8d"}
,"/Users/sooryen/Documents/react-18f-test/react-search-app/src/containers/Header.js": {"path":"/Users/sooryen/Documents/react-18f-test/react-search-app/src/containers/Header.js","statementMap":{"0":{"start":{"line":4,"column":15},"end":{"line":17,"column":2}},"1":{"start":{"line":4,"column":27},"end":{"line":17,"column":1}},"2":{"start":{"line":19,"column":15},"end":{"line":26,"column":1}},"3":{"start":{"line":20,"column":22},"end":{"line":20,"column":27}},"4":{"start":{"line":21,"column":2},"end":{"line":25,"column":3}}},"fnMap":{"0":{"name":"(anonymous_0)","decl":{"start":{"line":4,"column":15},"end":{"line":4,"column":16}},"loc":{"start":{"line":4,"column":27},"end":{"line":17,"column":1}},"line":4},"1":{"name":"(anonymous_1)","decl":{"start":{"line":19,"column":15},"end":{"line":19,"column":16}},"loc":{"start":{"line":19,"column":26},"end":{"line":26,"column":1}},"line":19}},"branchMap":{},"s":{"0":2,"1":2,"2":2,"3":2,"4":2},"f":{"0":2,"1":2},"b":{},"_coverageSchema":"43e27e138ebf9cfc5966b082cf9a028302ed4184","hash":"a7eb9c7fbf6244007ef8c9d72b84787f96e08278"}
,"/Users/sooryen/Documents/react-18f-test/react-search-app/src/containers/Search/index.js": {"path":"/Users/sooryen/Documents/react-18f-test/react-search-app/src/containers/Search/index.js","statementMap":{"0":{"start":{"line":16,"column":18},"end":{"line":48,"column":2}},"1":{"start":{"line":16,"column":30},"end":{"line":48,"column":1}},"2":{"start":{"line":50,"column":15},"end":{"line":182,"column":1}},"3":{"start":{"line":52,"column":23},"end":{"line":52,"column":35}},"4":{"start":{"line":53,"column":30},"end":{"line":53,"column":42}},"5":{"start":{"line":54,"column":30},"end":{"line":54,"column":45}},"6":{"start":{"line":56,"column":88},"end":{"line":56,"column":93}},"7":{"start":{"line":58,"column":46},"end":{"line":58,"column":56}},"8":{"start":{"line":65,"column":2},"end":{"line":67,"column":9}},"9":{"start":{"line":66,"column":4},"end":{"line":66,"column":18}},"10":{"start":{"line":70,"column":27},"end":{"line":78,"column":3}},"11":{"start":{"line":71,"column":4},"end":{"line":71,"column":41}},"12":{"start":{"line":72,"column":35},"end":{"line":72,"column":50}},"13":{"start":{"line":73,"column":4},"end":{"line":77,"column":5}},"14":{"start":{"line":75,"column":6},"end":{"line":75,"column":46}},"15":{"start":{"line":76,"column":6},"end":{"line":76,"column":90}},"16":{"start":{"line":76,"column":36},"end":{"line":76,"column":88}},"17":{"start":{"line":80,"column":24},"end":{"line":88,"column":3}},"18":{"start":{"line":81,"column":22},"end":{"line":81,"column":53}},"19":{"start":{"line":82,"column":20},"end":{"line":82,"column":44}},"20":{"start":{"line":83,"column":4},"end":{"line":83,"column":101}},"21":{"start":{"line":83,"column":17},"end":{"line":83,"column":101}},"22":{"start":{"line":85,"column":26},"end":{"line":86,"column":46}},"23":{"start":{"line":86,"column":21},"end":{"line":86,"column":45}},"24":{"start":{"line":87,"column":4},"end":{"line":87,"column":141}},"25":{"start":{"line":90,"column":17},"end":{"line":94,"column":3}},"26":{"start":{"line":91,"column":4},"end":{"line":91,"column":33}},"27":{"start":{"line":92,"column":4},"end":{"line":92,"column":18}},"28":{"start":{"line":93,"column":4},"end":{"line":93,"column":46}},"29":{"start":{"line":100,"column":23},"end":{"line":102,"column":3}},"30":{"start":{"line":101,"column":4},"end":{"line":101,"column":38}},"31":{"start":{"line":108,"column":21},"end":{"line":129,"column":3}},"32":{"start":{"line":109,"column":19},"end":{"line":109,"column":46}},"33":{"start":{"line":110,"column":18},"end":{"line":110,"column":39}},"34":{"start":{"line":111,"column":22},"end":{"line":111,"column":42}},"35":{"start":{"line":112,"column":34},"end":{"line":112,"column":52}},"36":{"start":{"line":113,"column":4},"end":{"line":128,"column":5}},"37":{"start":{"line":115,"column":6},"end":{"line":119,"column":9}},"38":{"start":{"line":121,"column":6},"end":{"line":123,"column":7}},"39":{"start":{"line":122,"column":8},"end":{"line":122,"column":60}},"40":{"start":{"line":125,"column":6},"end":{"line":127,"column":7}},"41":{"start":{"line":126,"column":8},"end":{"line":126,"column":27}},"42":{"start":{"line":131,"column":33},"end":{"line":135,"column":3}},"43":{"start":{"line":132,"column":4},"end":{"line":132,"column":63}},"44":{"start":{"line":134,"column":4},"end":{"line":134,"column":26}},"45":{"start":{"line":137,"column":21},"end":{"line":141,"column":3}},"46":{"start":{"line":138,"column":16},"end":{"line":138,"column":21}},"47":{"start":{"line":139,"column":4},"end":{"line":139,"column":59}},"48":{"start":{"line":139,"column":19},"end":{"line":139,"column":59}},"49":{"start":{"line":140,"column":4},"end":{"line":140,"column":17}},"50":{"start":{"line":143,"column":2},"end":{"line":181,"column":4}},"51":{"start":{"line":152,"column":46},"end":{"line":152,"column":69}},"52":{"start":{"line":155,"column":41},"end":{"line":155,"column":162}},"53":{"start":{"line":184,"column":24},"end":{"line":190,"column":1}},"54":{"start":{"line":185,"column":2},"end":{"line":189,"column":4}},"55":{"start":{"line":192,"column":27},"end":{"line":196,"column":12}},"56":{"start":{"line":192,"column":39},"end":{"line":196,"column":12}},"57":{"start":{"line":195,"column":36},"end":{"line":195,"column":74}},"58":{"start":{"line":198,"column":0},"end":{"line":202,"column":2}}},"fnMap":{"0":{"name":"(anonymous_0)","decl":{"start":{"line":16,"column":18},"end":{"line":16,"column":19}},"loc":{"start":{"line":16,"column":30},"end":{"line":48,"column":1}},"line":16},"1":{"name":"(anonymous_1)","decl":{"start":{"line":50,"column":15},"end":{"line":50,"column":16}},"loc":{"start":{"line":50,"column":26},"end":{"line":182,"column":1}},"line":50},"2":{"name":"(anonymous_2)","decl":{"start":{"line":65,"column":12},"end":{"line":65,"column":13}},"loc":{"start":{"line":65,"column":18},"end":{"line":67,"column":3}},"line":65},"3":{"name":"(anonymous_3)","decl":{"start":{"line":70,"column":27},"end":{"line":70,"column":28}},"loc":{"start":{"line":70,"column":33},"end":{"line":78,"column":3}},"line":70},"4":{"name":"(anonymous_4)","decl":{"start":{"line":76,"column":26},"end":{"line":76,"column":27}},"loc":{"start":{"line":76,"column":36},"end":{"line":76,"column":88}},"line":76},"5":{"name":"(anonymous_5)","decl":{"start":{"line":80,"column":24},"end":{"line":80,"column":25}},"loc":{"start":{"line":80,"column":30},"end":{"line":88,"column":3}},"line":80},"6":{"name":"(anonymous_6)","decl":{"start":{"line":86,"column":14},"end":{"line":86,"column":15}},"loc":{"start":{"line":86,"column":21},"end":{"line":86,"column":45}},"line":86},"7":{"name":"(anonymous_7)","decl":{"start":{"line":90,"column":17},"end":{"line":90,"column":18}},"loc":{"start":{"line":90,"column":30},"end":{"line":94,"column":3}},"line":90},"8":{"name":"(anonymous_8)","decl":{"start":{"line":100,"column":23},"end":{"line":100,"column":24}},"loc":{"start":{"line":100,"column":34},"end":{"line":102,"column":3}},"line":100},"9":{"name":"(anonymous_9)","decl":{"start":{"line":108,"column":21},"end":{"line":108,"column":22}},"loc":{"start":{"line":108,"column":35},"end":{"line":129,"column":3}},"line":108},"10":{"name":"(anonymous_10)","decl":{"start":{"line":131,"column":33},"end":{"line":131,"column":34}},"loc":{"start":{"line":131,"column":47},"end":{"line":135,"column":3}},"line":131},"11":{"name":"(anonymous_11)","decl":{"start":{"line":137,"column":21},"end":{"line":137,"column":22}},"loc":{"start":{"line":137,"column":27},"end":{"line":141,"column":3}},"line":137},"12":{"name":"(anonymous_12)","decl":{"start":{"line":152,"column":32},"end":{"line":152,"column":33}},"loc":{"start":{"line":152,"column":46},"end":{"line":152,"column":69}},"line":152},"13":{"name":"(anonymous_13)","decl":{"start":{"line":155,"column":29},"end":{"line":155,"column":30}},"loc":{"start":{"line":155,"column":41},"end":{"line":155,"column":162}},"line":155},"14":{"name":"(anonymous_14)","decl":{"start":{"line":184,"column":24},"end":{"line":184,"column":25}},"loc":{"start":{"line":184,"column":35},"end":{"line":190,"column":1}},"line":184},"15":{"name":"(anonymous_15)","decl":{"start":{"line":192,"column":27},"end":{"line":192,"column":28}},"loc":{"start":{"line":192,"column":39},"end":{"line":196,"column":12}},"line":192},"16":{"name":"(anonymous_16)","decl":{"start":{"line":195,"column":24},"end":{"line":195,"column":25}},"loc":{"start":{"line":195,"column":36},"end":{"line":195,"column":74}},"line":195}},"branchMap":{"0":{"loc":{"start":{"line":73,"column":4},"end":{"line":77,"column":5}},"type":"if","locations":[{"start":{"line":73,"column":4},"end":{"line":77,"column":5}},{"start":{"line":73,"column":4},"end":{"line":77,"column":5}}],"line":73},"1":{"loc":{"start":{"line":73,"column":8},"end":{"line":73,"column":35}},"type":"binary-expr","locations":[{"start":{"line":73,"column":8},"end":{"line":73,"column":16}},{"start":{"line":73,"column":20},"end":{"line":73,"column":35}}],"line":73},"2":{"loc":{"start":{"line":75,"column":17},"end":{"line":75,"column":44}},"type":"binary-expr","locations":[{"start":{"line":75,"column":17},"end":{"line":75,"column":25}},{"start":{"line":75,"column":29},"end":{"line":75,"column":44}}],"line":75},"3":{"loc":{"start":{"line":83,"column":4},"end":{"line":83,"column":101}},"type":"if","locations":[{"start":{"line":83,"column":4},"end":{"line":83,"column":101}},{"start":{"line":83,"column":4},"end":{"line":83,"column":101}}],"line":83},"4":{"loc":{"start":{"line":83,"column":36},"end":{"line":83,"column":82}},"type":"binary-expr","locations":[{"start":{"line":83,"column":36},"end":{"line":83,"column":44}},{"start":{"line":83,"column":48},"end":{"line":83,"column":82}}],"line":83},"5":{"loc":{"start":{"line":85,"column":26},"end":{"line":86,"column":46}},"type":"binary-expr","locations":[{"start":{"line":85,"column":26},"end":{"line":85,"column":34}},{"start":{"line":85,"column":38},"end":{"line":86,"column":46}}],"line":85},"6":{"loc":{"start":{"line":87,"column":23},"end":{"line":87,"column":113}},"type":"cond-expr","locations":[{"start":{"line":87,"column":58},"end":{"line":87,"column":71}},{"start":{"line":87,"column":74},"end":{"line":87,"column":113}}],"line":87},"7":{"loc":{"start":{"line":109,"column":19},"end":{"line":109,"column":46}},"type":"binary-expr","locations":[{"start":{"line":109,"column":19},"end":{"line":109,"column":27}},{"start":{"line":109,"column":31},"end":{"line":109,"column":46}}],"line":109},"8":{"loc":{"start":{"line":113,"column":4},"end":{"line":128,"column":5}},"type":"if","locations":[{"start":{"line":113,"column":4},"end":{"line":128,"column":5}},{"start":{"line":113,"column":4},"end":{"line":128,"column":5}}],"line":113},"9":{"loc":{"start":{"line":117,"column":20},"end":{"line":117,"column":58}},"type":"cond-expr","locations":[{"start":{"line":117,"column":44},"end":{"line":117,"column":45}},{"start":{"line":117,"column":48},"end":{"line":117,"column":58}}],"line":117},"10":{"loc":{"start":{"line":121,"column":6},"end":{"line":123,"column":7}},"type":"if","locations":[{"start":{"line":121,"column":6},"end":{"line":123,"column":7}},{"start":{"line":121,"column":6},"end":{"line":123,"column":7}}],"line":121},"11":{"loc":{"start":{"line":121,"column":10},"end":{"line":121,"column":48}},"type":"binary-expr","locations":[{"start":{"line":121,"column":10},"end":{"line":121,"column":19}},{"start":{"line":121,"column":23},"end":{"line":121,"column":48}}],"line":121},"12":{"loc":{"start":{"line":122,"column":26},"end":{"line":122,"column":59}},"type":"cond-expr","locations":[{"start":{"line":122,"column":38},"end":{"line":122,"column":55}},{"start":{"line":122,"column":58},"end":{"line":122,"column":59}}],"line":122},"13":{"loc":{"start":{"line":125,"column":6},"end":{"line":127,"column":7}},"type":"if","locations":[{"start":{"line":125,"column":6},"end":{"line":127,"column":7}},{"start":{"line":125,"column":6},"end":{"line":127,"column":7}}],"line":125},"14":{"loc":{"start":{"line":139,"column":4},"end":{"line":139,"column":59}},"type":"if","locations":[{"start":{"line":139,"column":4},"end":{"line":139,"column":59}},{"start":{"line":139,"column":4},"end":{"line":139,"column":59}}],"line":139},"15":{"loc":{"start":{"line":145,"column":7},"end":{"line":179,"column":9}},"type":"cond-expr","locations":[{"start":{"line":146,"column":8},"end":{"line":146,"column":21}},{"start":{"line":148,"column":10},"end":{"line":178,"column":16}}],"line":145},"16":{"loc":{"start":{"line":152,"column":46},"end":{"line":152,"column":69}},"type":"binary-expr","locations":[{"start":{"line":152,"column":46},"end":{"line":152,"column":60}},{"start":{"line":152,"column":64},"end":{"line":152,"column":69}}],"line":152},"17":{"loc":{"start":{"line":158,"column":13},"end":{"line":158,"column":74}},"type":"cond-expr","locations":[{"start":{"line":158,"column":21},"end":{"line":158,"column":69}},{"start":{"line":158,"column":72},"end":{"line":158,"column":74}}],"line":158},"18":{"loc":{"start":{"line":160,"column":13},"end":{"line":160,"column":53}},"type":"binary-expr","locations":[{"start":{"line":160,"column":13},"end":{"line":160,"column":31}},{"start":{"line":160,"column":35},"end":{"line":160,"column":53}}],"line":160},"19":{"loc":{"start":{"line":170,"column":12},"end":{"line":172,"column":17}},"type":"cond-expr","locations":[{"start":{"line":171,"column":16},"end":{"line":171,"column":48}},{"start":{"line":172,"column":16},"end":{"line":172,"column":17}}],"line":170}},"s":{"0":2,"1":0,"2":2,"3":0,"4":0,"5":0,"6":0,"7":0,"8":0,"9":0,"10":0,"11":0,"12":0,"13":0,"14":0,"15":0,"16":0,"17":0,"18":0,"19":0,"20":0,"21":0,"22":0,"23":0,"24":0,"25":0,"26":0,"27":0,"28":0,"29":0,"30":0,"31":0,"32":0,"33":0,"34":0,"35":0,"36":0,"37":0,"38":0,"39":0,"40":0,"41":0,"42":0,"43":0,"44":0,"45":0,"46":0,"47":0,"48":0,"49":0,"50":0,"51":0,"52":0,"53":2,"54":0,"55":2,"56":0,"57":0,"58":2},"f":{"0":0,"1":0,"2":0,"3":0,"4":0,"5":0,"6":0,"7":0,"8":0,"9":0,"10":0,"11":0,"12":0,"13":0,"14":0,"15":0,"16":0},"b":{"0":[0,0],"1":[0,0],"2":[0,0],"3":[0,0],"4":[0,0],"5":[0,0],"6":[0,0],"7":[0,0],"8":[0,0],"9":[0,0],"10":[0,0],"11":[0,0],"12":[0,0],"13":[0,0],"14":[0,0],"15":[0,0],"16":[0,0],"17":[0,0],"18":[0,0],"19":[0,0]},"_coverageSchema":"43e27e138ebf9cfc5966b082cf9a028302ed4184","hash":"2f60f99c9046960fdc67724b505162955d8356fb"}
,"/Users/sooryen/Documents/react-18f-test/react-search-app/src/server/server.js": {"path":"/Users/sooryen/Documents/react-18f-test/react-search-app/src/server/server.js","statementMap":{"0":{"start":{"line":1,"column":16},"end":{"line":1,"column":34}},"1":{"start":{"line":2,"column":13},"end":{"line":2,"column":28}},"2":{"start":{"line":3,"column":13},"end":{"line":3,"column":37}},"3":{"start":{"line":4,"column":12},"end":{"line":4,"column":21}},"4":{"start":{"line":6,"column":0},"end":{"line":6,"column":16}},"5":{"start":{"line":8,"column":24},"end":{"line":8,"column":62}},"6":{"start":{"line":10,"column":0},"end":{"line":10,"column":51}},"7":{"start":{"line":12,"column":0},"end":{"line":12,"column":70}},"8":{"start":{"line":12,"column":23},"end":{"line":12,"column":68}}},"fnMap":{"0":{"name":"(anonymous_0)","decl":{"start":{"line":12,"column":17},"end":{"line":12,"column":18}},"loc":{"start":{"line":12,"column":23},"end":{"line":12,"column":68}},"line":12}},"branchMap":{"0":{"loc":{"start":{"line":3,"column":13},"end":{"line":3,"column":37}},"type":"binary-expr","locations":[{"start":{"line":3,"column":13},"end":{"line":3,"column":29}},{"start":{"line":3,"column":33},"end":{"line":3,"column":37}}],"line":3}},"s":{"0":0,"1":0,"2":0,"3":0,"4":0,"5":0,"6":0,"7":0,"8":0},"f":{"0":0},"b":{"0":[0,0]},"hash":"8d9fec52bb339281c59b575fb28e464ee2e481e0"}
,"/Users/sooryen/Documents/react-18f-test/react-search-app/src/server/api/controllers/PostsList/GetPostsList.js": {"path":"/Users/sooryen/Documents/react-18f-test/react-search-app/src/server/api/controllers/PostsList/GetPostsList.js","statementMap":{"0":{"start":{"line":1,"column":21},"end":{"line":1,"column":47}},"1":{"start":{"line":4,"column":4},"end":{"line":9,"column":5}},"2":{"start":{"line":5,"column":22},"end":{"line":5,"column":38}},"3":{"start":{"line":6,"column":8},"end":{"line":6,"column":88}},"4":{"start":{"line":8,"column":8},"end":{"line":8,"column":91}},"5":{"start":{"line":12,"column":0},"end":{"line":12,"column":30}}},"fnMap":{"0":{"name":"getPostsList","decl":{"start":{"line":3,"column":15},"end":{"line":3,"column":27}},"loc":{"start":{"line":3,"column":38},"end":{"line":10,"column":1}},"line":3}},"branchMap":{},"s":{"0":0,"1":0,"2":0,"3":0,"4":0,"5":0},"f":{"0":0},"b":{},"hash":"02886c9312985b8325573c89aff7f0b8170bf30c"}
,"/Users/sooryen/Documents/react-18f-test/react-search-app/src/server/api/controllers/PostsList/index.js": {"path":"/Users/sooryen/Documents/react-18f-test/react-search-app/src/server/api/controllers/PostsList/index.js","statementMap":{"0":{"start":{"line":1,"column":21},"end":{"line":1,"column":46}},"1":{"start":{"line":3,"column":24},"end":{"line":5,"column":1}},"2":{"start":{"line":7,"column":0},"end":{"line":7,"column":33}}},"fnMap":{},"branchMap":{},"s":{"0":0,"1":0,"2":0},"f":{},"b":{},"hash":"feb03db0cd816ae9987dc0b0dfa0328ff278fcc0"}
,"/Users/sooryen/Documents/react-18f-test/react-search-app/src/server/api/controllers/PostsList/posts.service.js": {"path":"/Users/sooryen/Documents/react-18f-test/react-search-app/src/server/api/controllers/PostsList/posts.service.js","statementMap":{"0":{"start":{"line":1,"column":14},"end":{"line":1,"column":30}},"1":{"start":{"line":2,"column":18},"end":{"line":2,"column":51}},"2":{"start":{"line":5,"column":32},"end":{"line":5,"column":41}},"3":{"start":{"line":6,"column":19},"end":{"line":6,"column":21}},"4":{"start":{"line":7,"column":4},"end":{"line":12,"column":5}},"5":{"start":{"line":8,"column":26},"end":{"line":8,"column":64}},"6":{"start":{"line":9,"column":8},"end":{"line":9,"column":34}},"7":{"start":{"line":11,"column":8},"end":{"line":11,"column":41}},"8":{"start":{"line":13,"column":4},"end":{"line":13,"column":38}},"9":{"start":{"line":13,"column":26},"end":{"line":13,"column":38}},"10":{"start":{"line":14,"column":4},"end":{"line":14,"column":58}},"11":{"start":{"line":14,"column":26},"end":{"line":14,"column":58}},"12":{"start":{"line":15,"column":4},"end":{"line":16,"column":25}},"13":{"start":{"line":15,"column":25},"end":{"line":15,"column":65}},"14":{"start":{"line":16,"column":9},"end":{"line":16,"column":25}},"15":{"start":{"line":19,"column":0},"end":{"line":21,"column":1}}},"fnMap":{"0":{"name":"getPosts","decl":{"start":{"line":4,"column":15},"end":{"line":4,"column":23}},"loc":{"start":{"line":4,"column":26},"end":{"line":17,"column":1}},"line":4}},"branchMap":{"0":{"loc":{"start":{"line":13,"column":4},"end":{"line":13,"column":38}},"type":"if","locations":[{"start":{"line":13,"column":4},"end":{"line":13,"column":38}},{"start":{"line":13,"column":4},"end":{"line":13,"column":38}}],"line":13},"1":{"loc":{"start":{"line":14,"column":4},"end":{"line":14,"column":58}},"type":"if","locations":[{"start":{"line":14,"column":4},"end":{"line":14,"column":58}},{"start":{"line":14,"column":4},"end":{"line":14,"column":58}}],"line":14},"2":{"loc":{"start":{"line":15,"column":4},"end":{"line":16,"column":25}},"type":"if","locations":[{"start":{"line":15,"column":4},"end":{"line":16,"column":25}},{"start":{"line":15,"column":4},"end":{"line":16,"column":25}}],"line":15}},"s":{"0":0,"1":0,"2":0,"3":0,"4":0,"5":0,"6":0,"7":0,"8":0,"9":0,"10":0,"11":0,"12":0,"13":0,"14":0,"15":0},"f":{"0":0},"b":{"0":[0,0],"1":[0,0],"2":[0,0]},"hash":"f6c42c503964690deeb7115bf7995bb6f9b108fd"}
,"/Users/sooryen/Documents/react-18f-test/react-search-app/src/server/test/posts.fixture.js": {"path":"/Users/sooryen/Documents/react-18f-test/react-search-app/src/server/test/posts.fixture.js","statementMap":{"0":{"start":{"line":1,"column":21},"end":{"line":11,"column":2}},"1":{"start":{"line":13,"column":0},"end":{"line":15,"column":1}}},"fnMap":{},"branchMap":{},"s":{"0":0,"1":0},"f":{},"b":{},"hash":"91f99366134e0ef48134c5044846ab48804c93a9"}
,"/Users/sooryen/Documents/react-18f-test/react-search-app/src/server/test/test-posts.js": {"path":"/Users/sooryen/Documents/react-18f-test/react-search-app/src/server/test/test-posts.js","statementMap":{"0":{"start":{"line":1,"column":13},"end":{"line":1,"column":28}},"1":{"start":{"line":2,"column":23},"end":{"line":2,"column":50}},"2":{"start":{"line":3,"column":13},"end":{"line":3,"column":28}},"3":{"start":{"line":4,"column":25},"end":{"line":4,"column":51}},"4":{"start":{"line":5,"column":21},"end":{"line":5,"column":74}},"5":{"start":{"line":6,"column":18},"end":{"line":6,"column":51}},"6":{"start":{"line":7,"column":28},"end":{"line":7,"column":37}},"7":{"start":{"line":8,"column":15},"end":{"line":8,"column":26}},"8":{"start":{"line":9,"column":0},"end":{"line":9,"column":25}},"9":{"start":{"line":11,"column":0},"end":{"line":60,"column":3}},"10":{"start":{"line":12,"column":2},"end":{"line":59,"column":5}},"11":{"start":{"line":13,"column":4},"end":{"line":21,"column":6}},"12":{"start":{"line":14,"column":6},"end":{"line":17,"column":34}},"13":{"start":{"line":19,"column":21},"end":{"line":19,"column":37}},"14":{"start":{"line":20,"column":6},"end":{"line":20,"column":35}},"15":{"start":{"line":23,"column":4},"end":{"line":30,"column":6}},"16":{"start":{"line":24,"column":6},"end":{"line":27,"column":19}},"17":{"start":{"line":29,"column":6},"end":{"line":29,"column":46}},"18":{"start":{"line":32,"column":4},"end":{"line":40,"column":6}},"19":{"start":{"line":33,"column":6},"end":{"line":36,"column":19}},"20":{"start":{"line":38,"column":23},"end":{"line":38,"column":39}},"21":{"start":{"line":39,"column":6},"end":{"line":39,"column":34}},"22":{"start":{"line":42,"column":4},"end":{"line":49,"column":6}},"23":{"start":{"line":43,"column":6},"end":{"line":46,"column":19}},"24":{"start":{"line":48,"column":6},"end":{"line":48,"column":46}},"25":{"start":{"line":51,"column":4},"end":{"line":58,"column":7}},"26":{"start":{"line":52,"column":6},"end":{"line":55,"column":19}},"27":{"start":{"line":57,"column":6},"end":{"line":57,"column":46}}},"fnMap":{"0":{"name":"(anonymous_0)","decl":{"start":{"line":11,"column":31},"end":{"line":11,"column":32}},"loc":{"start":{"line":11,"column":37},"end":{"line":60,"column":1}},"line":11},"1":{"name":"(anonymous_1)","decl":{"start":{"line":12,"column":23},"end":{"line":12,"column":24}},"loc":{"start":{"line":12,"column":29},"end":{"line":59,"column":3}},"line":12},"2":{"name":"(anonymous_2)","decl":{"start":{"line":13,"column":43},"end":{"line":13,"column":44}},"loc":{"start":{"line":13,"column":55},"end":{"line":21,"column":5}},"line":13},"3":{"name":"(anonymous_3)","decl":{"start":{"line":23,"column":55},"end":{"line":23,"column":56}},"loc":{"start":{"line":23,"column":67},"end":{"line":30,"column":5}},"line":23},"4":{"name":"(anonymous_4)","decl":{"start":{"line":32,"column":52},"end":{"line":32,"column":53}},"loc":{"start":{"line":32,"column":64},"end":{"line":40,"column":5}},"line":32},"5":{"name":"(anonymous_5)","decl":{"start":{"line":42,"column":97},"end":{"line":42,"column":98}},"loc":{"start":{"line":42,"column":109},"end":{"line":49,"column":5}},"line":42},"6":{"name":"(anonymous_6)","decl":{"start":{"line":51,"column":96},"end":{"line":51,"column":97}},"loc":{"start":{"line":51,"column":108},"end":{"line":58,"column":5}},"line":51}},"branchMap":{},"s":{"0":0,"1":0,"2":0,"3":0,"4":0,"5":0,"6":0,"7":0,"8":0,"9":0,"10":0,"11":0,"12":0,"13":0,"14":0,"15":0,"16":0,"17":0,"18":0,"19":0,"20":0,"21":0,"22":0,"23":0,"24":0,"25":0,"26":0,"27":0},"f":{"0":0,"1":0,"2":0,"3":0,"4":0,"5":0,"6":0},"b":{},"hash":"72d694a8d8a370a3d9aa9bc4bd48f9316e796bb6"}
,"/Users/sooryen/Documents/react-18f-test/react-search-app/src/store/actionTypes.js": {"path":"/Users/sooryen/Documents/react-18f-test/react-search-app/src/store/actionTypes.js","statementMap":{"0":{"start":{"line":1,"column":28},"end":{"line":1,"column":42}},"1":{"start":{"line":2,"column":36},"end":{"line":2,"column":58}},"2":{"start":{"line":3,"column":33},"end":{"line":3,"column":52}},"3":{"start":{"line":4,"column":23},"end":{"line":4,"column":32}},"4":{"start":{"line":5,"column":30},"end":{"line":5,"column":46}},"5":{"start":{"line":6,"column":38},"end":{"line":6,"column":62}}},"fnMap":{},"branchMap":{},"s":{"0":7,"1":7,"2":7,"3":7,"4":7,"5":7},"f":{},"b":{},"_coverageSchema":"43e27e138ebf9cfc5966b082cf9a028302ed4184","hash":"ae7abfdc6501bc862e78ff1bfa26fb08e6daabd0"}
,"/Users/sooryen/Documents/react-18f-test/react-search-app/src/store/actions.js": {"path":"/Users/sooryen/Documents/react-18f-test/react-search-app/src/store/actions.js","statementMap":{"0":{"start":{"line":4,"column":27},"end":{"line":6,"column":2}},"1":{"start":{"line":4,"column":34},"end":{"line":6,"column":1}},"2":{"start":{"line":9,"column":34},"end":{"line":11,"column":1}},"3":{"start":{"line":10,"column":2},"end":{"line":10,"column":49}},"4":{"start":{"line":14,"column":31},"end":{"line":16,"column":2}},"5":{"start":{"line":14,"column":38},"end":{"line":16,"column":1}},"6":{"start":{"line":19,"column":23},"end":{"line":21,"column":2}},"7":{"start":{"line":19,"column":30},"end":{"line":21,"column":1}},"8":{"start":{"line":24,"column":29},"end":{"line":26,"column":1}},"9":{"start":{"line":25,"column":2},"end":{"line":25,"column":49}},"10":{"start":{"line":29,"column":36},"end":{"line":40,"column":2}},"11":{"start":{"line":33,"column":7},"end":{"line":40,"column":1}}},"fnMap":{"0":{"name":"(anonymous_0)","decl":{"start":{"line":4,"column":27},"end":{"line":4,"column":28}},"loc":{"start":{"line":4,"column":34},"end":{"line":6,"column":1}},"line":4},"1":{"name":"(anonymous_1)","decl":{"start":{"line":9,"column":34},"end":{"line":9,"column":35}},"loc":{"start":{"line":9,"column":47},"end":{"line":11,"column":1}},"line":9},"2":{"name":"(anonymous_2)","decl":{"start":{"line":14,"column":31},"end":{"line":14,"column":32}},"loc":{"start":{"line":14,"column":38},"end":{"line":16,"column":1}},"line":14},"3":{"name":"(anonymous_3)","decl":{"start":{"line":19,"column":23},"end":{"line":19,"column":24}},"loc":{"start":{"line":19,"column":30},"end":{"line":21,"column":1}},"line":19},"4":{"name":"(anonymous_4)","decl":{"start":{"line":24,"column":29},"end":{"line":24,"column":30}},"loc":{"start":{"line":24,"column":39},"end":{"line":26,"column":1}},"line":24},"5":{"name":"(anonymous_5)","decl":{"start":{"line":29,"column":36},"end":{"line":29,"column":37}},"loc":{"start":{"line":33,"column":7},"end":{"line":40,"column":1}},"line":33}},"branchMap":{"0":{"loc":{"start":{"line":30,"column":2},"end":{"line":30,"column":16}},"type":"default-arg","locations":[{"start":{"line":30,"column":15},"end":{"line":30,"column":16}}],"line":30},"1":{"loc":{"start":{"line":31,"column":2},"end":{"line":31,"column":19}},"type":"default-arg","locations":[{"start":{"line":31,"column":17},"end":{"line":31,"column":19}}],"line":31},"2":{"loc":{"start":{"line":32,"column":2},"end":{"line":32,"column":11}},"type":"default-arg","locations":[{"start":{"line":32,"column":10},"end":{"line":32,"column":11}}],"line":32}},"s":{"0":6,"1":1,"2":6,"3":1,"4":6,"5":1,"6":6,"7":2,"8":6,"9":1,"10":6,"11":1},"f":{"0":1,"1":1,"2":1,"3":2,"4":1,"5":1},"b":{"0":[0],"1":[0],"2":[0]},"_coverageSchema":"43e27e138ebf9cfc5966b082cf9a028302ed4184","hash":"d461488c5c868a94cd2417656d9ce49fd9cf869a"}
,"/Users/sooryen/Documents/react-18f-test/react-search-app/src/store/store.js": {"path":"/Users/sooryen/Documents/react-18f-test/react-search-app/src/store/store.js","statementMap":{"0":{"start":{"line":6,"column":25},"end":{"line":6,"column":79}},"1":{"start":{"line":7,"column":23},"end":{"line":7,"column":45}},"2":{"start":{"line":8,"column":14},"end":{"line":8,"column":89}},"3":{"start":{"line":10,"column":0},"end":{"line":10,"column":29}}},"fnMap":{},"branchMap":{"0":{"loc":{"start":{"line":6,"column":25},"end":{"line":6,"column":79}},"type":"binary-expr","locations":[{"start":{"line":6,"column":25},"end":{"line":6,"column":68}},{"start":{"line":6,"column":72},"end":{"line":6,"column":79}}],"line":6}},"s":{"0":2,"1":2,"2":2,"3":2},"f":{},"b":{"0":[2,2]},"_coverageSchema":"43e27e138ebf9cfc5966b082cf9a028302ed4184","hash":"8dce3f163b412acc0df89affff504b63ea357386"}
,"/Users/sooryen/Documents/react-18f-test/react-search-app/src/store/reducers/articles.js": {"path":"/Users/sooryen/Documents/react-18f-test/react-search-app/src/store/reducers/articles.js","statementMap":{"0":{"start":{"line":3,"column":21},"end":{"line":11,"column":1}},"1":{"start":{"line":13,"column":24},"end":{"line":50,"column":1}},"2":{"start":{"line":14,"column":2},"end":{"line":49,"column":3}},"3":{"start":{"line":16,"column":6},"end":{"line":19,"column":8}},"4":{"start":{"line":22,"column":6},"end":{"line":26,"column":8}},"5":{"start":{"line":29,"column":40},"end":{"line":29,"column":54}},"6":{"start":{"line":30,"column":28},"end":{"line":30,"column":98}},"7":{"start":{"line":30,"column":64},"end":{"line":30,"column":97}},"8":{"start":{"line":31,"column":29},"end":{"line":31,"column":48}},"9":{"start":{"line":32,"column":6},"end":{"line":32,"column":111}},"10":{"start":{"line":33,"column":6},"end":{"line":37,"column":8}},"11":{"start":{"line":39,"column":6},"end":{"line":39,"column":29}},"12":{"start":{"line":41,"column":6},"end":{"line":46,"column":8}},"13":{"start":{"line":48,"column":6},"end":{"line":48,"column":19}}},"fnMap":{"0":{"name":"(anonymous_0)","decl":{"start":{"line":13,"column":24},"end":{"line":13,"column":25}},"loc":{"start":{"line":13,"column":58},"end":{"line":50,"column":1}},"line":13},"1":{"name":"(anonymous_1)","decl":{"start":{"line":30,"column":53},"end":{"line":30,"column":54}},"loc":{"start":{"line":30,"column":64},"end":{"line":30,"column":97}},"line":30}},"branchMap":{"0":{"loc":{"start":{"line":13,"column":25},"end":{"line":13,"column":45}},"type":"default-arg","locations":[{"start":{"line":13,"column":33},"end":{"line":13,"column":45}}],"line":13},"1":{"loc":{"start":{"line":14,"column":2},"end":{"line":49,"column":3}},"type":"switch","locations":[{"start":{"line":15,"column":4},"end":{"line":20,"column":5}},{"start":{"line":21,"column":4},"end":{"line":27,"column":5}},{"start":{"line":28,"column":4},"end":{"line":37,"column":8}},{"start":{"line":38,"column":4},"end":{"line":39,"column":29}},{"start":{"line":40,"column":4},"end":{"line":46,"column":8}},{"start":{"line":47,"column":4},"end":{"line":48,"column":19}}],"line":14}},"s":{"0":3,"1":3,"2":10,"3":1,"4":1,"5":1,"6":0,"7":0,"8":0,"9":0,"10":0,"11":1,"12":0,"13":6},"f":{"0":10,"1":0},"b":{"0":[8],"1":[1,1,1,1,0,6]},"_coverageSchema":"43e27e138ebf9cfc5966b082cf9a028302ed4184","hash":"1f1afd9d55e5fd42b7bd7f9168069f539874a9be"}
,"/Users/sooryen/Documents/react-18f-test/react-search-app/src/store/reducers/index.js": {"path":"/Users/sooryen/Documents/react-18f-test/react-search-app/src/store/reducers/index.js","statementMap":{"0":{"start":{"line":4,"column":20},"end":{"line":6,"column":2}}},"fnMap":{},"branchMap":{},"s":{"0":2},"f":{},"b":{},"_coverageSchema":"43e27e138ebf9cfc5966b082cf9a028302ed4184","hash":"3f9195c4705bf2a761ffd6c6c666ec40dd7ad7f6"}
,"/Users/sooryen/Documents/react-18f-test/react-search-app/src/store/sagas/index.js": {"path":"/Users/sooryen/Documents/react-18f-test/react-search-app/src/store/sagas/index.js","statementMap":{"0":{"start":{"line":7,"column":2},"end":{"line":7,"column":28}},"1":{"start":{"line":11,"column":2},"end":{"line":11,"column":49}}},"fnMap":{"0":{"name":"rootSaga","decl":{"start":{"line":6,"column":25},"end":{"line":6,"column":33}},"loc":{"start":{"line":6,"column":36},"end":{"line":8,"column":1}},"line":6},"1":{"name":"watchPosts","decl":{"start":{"line":10,"column":10},"end":{"line":10,"column":20}},"loc":{"start":{"line":10,"column":23},"end":{"line":12,"column":1}},"line":10}},"branchMap":{},"s":{"0":2,"1":2},"f":{"0":2,"1":2},"b":{},"_coverageSchema":"43e27e138ebf9cfc5966b082cf9a028302ed4184","hash":"253d1a9517035644aca3abe8f4b43f8e64972592"}
,"/Users/sooryen/Documents/react-18f-test/react-search-app/src/store/sagas/posts.js": {"path":"/Users/sooryen/Documents/react-18f-test/react-search-app/src/store/sagas/posts.js","statementMap":{"0":{"start":{"line":6,"column":2},"end":{"line":6,"column":23}},"1":{"start":{"line":7,"column":2},"end":{"line":15,"column":3}},"2":{"start":{"line":8,"column":21},"end":{"line":8,"column":66}},"3":{"start":{"line":9,"column":17},"end":{"line":9,"column":38}},"4":{"start":{"line":10,"column":4},"end":{"line":10,"column":25}},"5":{"start":{"line":11,"column":4},"end":{"line":11,"column":40}},"6":{"start":{"line":13,"column":4},"end":{"line":13,"column":25}},"7":{"start":{"line":14,"column":4},"end":{"line":14,"column":33}}},"fnMap":{"0":{"name":"fetchPostsSaga","decl":{"start":{"line":5,"column":17},"end":{"line":5,"column":31}},"loc":{"start":{"line":5,"column":34},"end":{"line":16,"column":1}},"line":5}},"branchMap":{},"s":{"0":1,"1":1,"2":1,"3":0,"4":0,"5":0,"6":0,"7":0},"f":{"0":1},"b":{},"_coverageSchema":"43e27e138ebf9cfc5966b082cf9a028302ed4184","hash":"5fca030cb1c02bc42ddd2dd7ae6fc69f9e3bbe47"}
,"/Users/sooryen/Documents/react-18f-test/react-search-app/src/styles/theme.js": {"path":"/Users/sooryen/Documents/react-18f-test/react-search-app/src/styles/theme.js","statementMap":{"0":{"start":{"line":3,"column":14},"end":{"line":17,"column":2}}},"fnMap":{},"branchMap":{},"s":{"0":2},"f":{},"b":{},"_coverageSchema":"43e27e138ebf9cfc5966b082cf9a028302ed4184","hash":"49f517e33633703e1f0994b8bff990039cfcf979"}
,"/Users/sooryen/Documents/react-18f-test/react-search-app/src/tests/App.test.disabled.js": {"path":"/Users/sooryen/Documents/react-18f-test/react-search-app/src/tests/App.test.disabled.js","statementMap":{"0":{"start":{"line":7,"column":0},"end":{"line":15,"column":3}},"1":{"start":{"line":9,"column":2},"end":{"line":14,"column":5}},"2":{"start":{"line":10,"column":17},"end":{"line":12,"column":5}},"3":{"start":{"line":13,"column":4},"end":{"line":13,"column":40}}},"fnMap":{"0":{"name":"(anonymous_0)","decl":{"start":{"line":7,"column":40},"end":{"line":7,"column":41}},"loc":{"start":{"line":7,"column":46},"end":{"line":15,"column":1}},"line":7},"1":{"name":"(anonymous_1)","decl":{"start":{"line":9,"column":38},"end":{"line":9,"column":39}},"loc":{"start":{"line":9,"column":44},"end":{"line":14,"column":3}},"line":9}},"branchMap":{},"s":{"0":0,"1":0,"2":0,"3":0},"f":{"0":0,"1":0},"b":{},"hash":"5bc97feae872d507716e1a0bb02bb8dbe220abfa"}
}
