TN:
SF:/Users/sooryen/Documents/react-18f-test/react-search-app/src/App.js
FN:5,(anonymous_0)
FNF:1
FNH:0
FNDA:0,(anonymous_0)
DA:5,1
LF:1
LH:1
BRF:0
BRH:0
end_of_record
TN:
SF:/Users/sooryen/Documents/react-18f-test/react-search-app/src/index.js
FNF:0
FNH:0
DA:11,1
LF:1
LH:1
BRF:0
BRH:0
end_of_record
TN:
SF:/Users/sooryen/Documents/react-18f-test/react-search-app/src/Routes/MainRoutes.js
FN:10,(anonymous_0)
FN:11,(anonymous_1)
FN:13,MainRoutes
FNF:3
FNH:0
FNDA:0,(anonymous_0)
FNDA:0,(anonymous_1)
FNDA:0,MainRoutes
DA:10,1
DA:11,1
DA:14,0
LF:3
LH:2
BRF:0
BRH:0
end_of_record
TN:
SF:/Users/sooryen/Documents/react-18f-test/react-search-app/src/assets/images/article_image.jpeg
FNF:0
FNH:0
DA:1,3
LF:1
LH:1
BRF:0
BRH:0
end_of_record
TN:
SF:/Users/sooryen/Documents/react-18f-test/react-search-app/src/components/Articles.js
FN:17,(anonymous_0)
FN:50,(anonymous_1)
FN:57,(anonymous_2)
FN:63,(anonymous_3)
FN:66,(anonymous_4)
FN:90,(anonymous_5)
FN:110,(anonymous_6)
FNF:7
FNH:7
FNDA:2,(anonymous_0)
FNDA:9,(anonymous_1)
FNDA:1,(anonymous_2)
FNDA:2,(anonymous_3)
FNDA:2,(anonymous_4)
FNDA:2,(anonymous_5)
FNDA:2,(anonymous_6)
DA:17,3
DA:50,3
DA:52,9
DA:53,9
DA:54,9
DA:55,9
DA:57,9
DA:58,1
DA:59,1
DA:60,1
DA:63,9
DA:64,2
DA:66,9
DA:67,2
DA:68,1
DA:70,1
DA:71,0
DA:73,1
DA:74,1
DA:76,1
DA:77,1
DA:78,1
DA:79,1
DA:83,9
DA:90,2
DA:110,2
DA:158,9
LF:27
LH:26
BRDA:67,0,0,1
BRDA:67,0,1,1
BRDA:70,1,0,0
BRDA:70,1,1,1
BRDA:73,2,0,1
BRDA:73,2,1,0
BRDA:73,3,0,1
BRDA:73,3,1,0
BRDA:83,4,0,6
BRDA:83,4,1,3
BRDA:99,5,0,6
BRDA:99,5,1,6
BRDA:116,6,0,6
BRDA:116,6,1,6
BRF:14
BRH:11
end_of_record
TN:
SF:/Users/sooryen/Documents/react-18f-test/react-search-app/src/components/Skeletons.js
FN:8,(anonymous_0)
FN:20,(anonymous_1)
FN:26,(anonymous_2)
FNF:3
FNH:3
FNDA:1,(anonymous_0)
FNDA:1,(anonymous_1)
FNDA:12,(anonymous_2)
DA:8,4
DA:20,4
DA:22,1
DA:27,12
LF:4
LH:4
BRF:0
BRH:0
end_of_record
TN:
SF:/Users/sooryen/Documents/react-18f-test/react-search-app/src/config/TestProvider.js
FN:9,TestProvider
FNF:1
FNH:1
FNDA:6,TestProvider
DA:10,6
LF:1
LH:1
BRF:0
BRH:0
end_of_record
TN:
SF:/Users/sooryen/Documents/react-18f-test/react-search-app/src/config/mocks/articles.js
FNF:0
FNH:0
LF:0
LH:0
BRF:0
BRH:0
end_of_record
TN:
SF:/Users/sooryen/Documents/react-18f-test/react-search-app/src/config/mocks/fetchPostsMockData.js
FNF:0
FNH:0
DA:1,1
LF:1
LH:1
BRF:0
BRH:0
end_of_record
TN:
SF:/Users/sooryen/Documents/react-18f-test/react-search-app/src/config/mocks/mainArticles.js
FNF:0
FNH:0
LF:0
LH:0
BRF:0
BRH:0
end_of_record
TN:
SF:/Users/sooryen/Documents/react-18f-test/react-search-app/src/config/mocks/mockArticles.js
FNF:0
FNH:0
DA:1,0
LF:1
LH:0
BRF:0
BRH:0
end_of_record
TN:
SF:/Users/sooryen/Documents/react-18f-test/react-search-app/src/containers/Header.js
FN:4,(anonymous_0)
FN:19,(anonymous_1)
FNF:2
FNH:2
FNDA:2,(anonymous_0)
FNDA:2,(anonymous_1)
DA:4,2
DA:19,2
DA:20,2
DA:21,2
LF:4
LH:4
BRF:0
BRH:0
end_of_record
TN:
SF:/Users/sooryen/Documents/react-18f-test/react-search-app/src/containers/Search/index.js
FN:16,(anonymous_0)
FN:50,(anonymous_1)
FN:65,(anonymous_2)
FN:70,(anonymous_3)
FN:76,(anonymous_4)
FN:80,(anonymous_5)
FN:86,(anonymous_6)
FN:90,(anonymous_7)
FN:100,(anonymous_8)
FN:108,(anonymous_9)
FN:131,(anonymous_10)
FN:137,(anonymous_11)
FN:152,(anonymous_12)
FN:155,(anonymous_13)
FN:184,(anonymous_14)
FN:192,(anonymous_15)
FN:195,(anonymous_16)
FNF:17
FNH:0
FNDA:0,(anonymous_0)
FNDA:0,(anonymous_1)
FNDA:0,(anonymous_2)
FNDA:0,(anonymous_3)
FNDA:0,(anonymous_4)
FNDA:0,(anonymous_5)
FNDA:0,(anonymous_6)
FNDA:0,(anonymous_7)
FNDA:0,(anonymous_8)
FNDA:0,(anonymous_9)
FNDA:0,(anonymous_10)
FNDA:0,(anonymous_11)
FNDA:0,(anonymous_12)
FNDA:0,(anonymous_13)
FNDA:0,(anonymous_14)
FNDA:0,(anonymous_15)
FNDA:0,(anonymous_16)
DA:16,2
DA:50,2
DA:52,0
DA:53,0
DA:54,0
DA:56,0
DA:58,0
DA:65,0
DA:66,0
DA:70,0
DA:71,0
DA:72,0
DA:73,0
DA:75,0
DA:76,0
DA:80,0
DA:81,0
DA:82,0
DA:83,0
DA:85,0
DA:86,0
DA:87,0
DA:90,0
DA:91,0
DA:92,0
DA:93,0
DA:100,0
DA:101,0
DA:108,0
DA:109,0
DA:110,0
DA:111,0
DA:112,0
DA:113,0
DA:115,0
DA:121,0
DA:122,0
DA:125,0
DA:126,0
DA:131,0
DA:132,0
DA:134,0
DA:137,0
DA:138,0
DA:139,0
DA:140,0
DA:143,0
DA:152,0
DA:155,0
DA:184,2
DA:185,0
DA:192,2
DA:195,0
DA:198,2
LF:54
LH:5
BRDA:73,0,0,0
BRDA:73,0,1,0
BRDA:73,1,0,0
BRDA:73,1,1,0
BRDA:75,2,0,0
BRDA:75,2,1,0
BRDA:83,3,0,0
BRDA:83,3,1,0
BRDA:83,4,0,0
BRDA:83,4,1,0
BRDA:85,5,0,0
BRDA:85,5,1,0
BRDA:87,6,0,0
BRDA:87,6,1,0
BRDA:109,7,0,0
BRDA:109,7,1,0
BRDA:113,8,0,0
BRDA:113,8,1,0
BRDA:117,9,0,0
BRDA:117,9,1,0
BRDA:121,10,0,0
BRDA:121,10,1,0
BRDA:121,11,0,0
BRDA:121,11,1,0
BRDA:122,12,0,0
BRDA:122,12,1,0
BRDA:125,13,0,0
BRDA:125,13,1,0
BRDA:139,14,0,0
BRDA:139,14,1,0
BRDA:145,15,0,0
BRDA:145,15,1,0
BRDA:152,16,0,0
BRDA:152,16,1,0
BRDA:158,17,0,0
BRDA:158,17,1,0
BRDA:160,18,0,0
BRDA:160,18,1,0
BRDA:170,19,0,0
BRDA:170,19,1,0
BRF:40
BRH:0
end_of_record
TN:
SF:/Users/sooryen/Documents/react-18f-test/react-search-app/src/server/server.js
FN:12,(anonymous_0)
FNF:1
FNH:0
FNDA:0,(anonymous_0)
DA:1,0
DA:2,0
DA:3,0
DA:4,0
DA:6,0
DA:8,0
DA:10,0
DA:12,0
LF:8
LH:0
BRDA:3,0,0,0
BRDA:3,0,1,0
BRF:2
BRH:0
end_of_record
TN:
SF:/Users/sooryen/Documents/react-18f-test/react-search-app/src/server/api/controllers/PostsList/GetPostsList.js
FN:3,getPostsList
FNF:1
FNH:0
FNDA:0,getPostsList
DA:1,0
DA:4,0
DA:5,0
DA:6,0
DA:8,0
DA:12,0
LF:6
LH:0
BRF:0
BRH:0
end_of_record
TN:
SF:/Users/sooryen/Documents/react-18f-test/react-search-app/src/server/api/controllers/PostsList/index.js
FNF:0
FNH:0
DA:1,0
DA:3,0
DA:7,0
LF:3
LH:0
BRF:0
BRH:0
end_of_record
TN:
SF:/Users/sooryen/Documents/react-18f-test/react-search-app/src/server/api/controllers/PostsList/posts.service.js
FN:4,getPosts
FNF:1
FNH:0
FNDA:0,getPosts
DA:1,0
DA:2,0
DA:5,0
DA:6,0
DA:7,0
DA:8,0
DA:9,0
DA:11,0
DA:13,0
DA:14,0
DA:15,0
DA:16,0
DA:19,0
LF:13
LH:0
BRDA:13,0,0,0
BRDA:13,0,1,0
BRDA:14,1,0,0
BRDA:14,1,1,0
BRDA:15,2,0,0
BRDA:15,2,1,0
BRF:6
BRH:0
end_of_record
TN:
SF:/Users/sooryen/Documents/react-18f-test/react-search-app/src/server/test/posts.fixture.js
FNF:0
FNH:0
DA:1,0
DA:13,0
LF:2
LH:0
BRF:0
BRH:0
end_of_record
TN:
SF:/Users/sooryen/Documents/react-18f-test/react-search-app/src/server/test/test-posts.js
FN:11,(anonymous_0)
FN:12,(anonymous_1)
FN:13,(anonymous_2)
FN:23,(anonymous_3)
FN:32,(anonymous_4)
FN:42,(anonymous_5)
FN:51,(anonymous_6)
FNF:7
FNH:0
FNDA:0,(anonymous_0)
FNDA:0,(anonymous_1)
FNDA:0,(anonymous_2)
FNDA:0,(anonymous_3)
FNDA:0,(anonymous_4)
FNDA:0,(anonymous_5)
FNDA:0,(anonymous_6)
DA:1,0
DA:2,0
DA:3,0
DA:4,0
DA:5,0
DA:6,0
DA:7,0
DA:8,0
DA:9,0
DA:11,0
DA:12,0
DA:13,0
DA:14,0
DA:19,0
DA:20,0
DA:23,0
DA:24,0
DA:29,0
DA:32,0
DA:33,0
DA:38,0
DA:39,0
DA:42,0
DA:43,0
DA:48,0
DA:51,0
DA:52,0
DA:57,0
LF:28
LH:0
BRF:0
BRH:0
end_of_record
TN:
SF:/Users/sooryen/Documents/react-18f-test/react-search-app/src/store/actionTypes.js
FNF:0
FNH:0
DA:1,7
DA:2,7
DA:3,7
DA:4,7
DA:5,7
DA:6,7
LF:6
LH:6
BRF:0
BRH:0
end_of_record
TN:
SF:/Users/sooryen/Documents/react-18f-test/react-search-app/src/store/actions.js
FN:4,(anonymous_0)
FN:9,(anonymous_1)
FN:14,(anonymous_2)
FN:19,(anonymous_3)
FN:24,(anonymous_4)
FN:29,(anonymous_5)
FNF:6
FNH:6
FNDA:1,(anonymous_0)
FNDA:1,(anonymous_1)
FNDA:1,(anonymous_2)
FNDA:2,(anonymous_3)
FNDA:1,(anonymous_4)
FNDA:1,(anonymous_5)
DA:4,6
DA:9,6
DA:10,1
DA:14,6
DA:19,6
DA:24,6
DA:25,1
DA:29,6
DA:33,1
LF:9
LH:9
BRDA:30,0,0,0
BRDA:31,1,0,0
BRDA:32,2,0,0
BRF:3
BRH:0
end_of_record
TN:
SF:/Users/sooryen/Documents/react-18f-test/react-search-app/src/store/store.js
FNF:0
FNH:0
DA:6,2
DA:7,2
DA:8,2
DA:10,2
LF:4
LH:4
BRDA:6,0,0,2
BRDA:6,0,1,2
BRF:2
BRH:2
end_of_record
TN:
SF:/Users/sooryen/Documents/react-18f-test/react-search-app/src/store/reducers/articles.js
FN:13,(anonymous_0)
FN:30,(anonymous_1)
FNF:2
FNH:1
FNDA:10,(anonymous_0)
FNDA:0,(anonymous_1)
DA:3,3
DA:13,3
DA:14,10
DA:16,1
DA:22,1
DA:29,1
DA:30,0
DA:31,0
DA:32,0
DA:33,0
DA:39,1
DA:41,0
DA:48,6
LF:13
LH:8
BRDA:13,0,0,8
BRDA:14,1,0,1
BRDA:14,1,1,1
BRDA:14,1,2,1
BRDA:14,1,3,1
BRDA:14,1,4,0
BRDA:14,1,5,6
BRF:7
BRH:6
end_of_record
TN:
SF:/Users/sooryen/Documents/react-18f-test/react-search-app/src/store/reducers/index.js
FNF:0
FNH:0
DA:4,2
LF:1
LH:1
BRF:0
BRH:0
end_of_record
TN:
SF:/Users/sooryen/Documents/react-18f-test/react-search-app/src/store/sagas/index.js
FN:6,rootSaga
FN:10,watchPosts
FNF:2
FNH:2
FNDA:2,rootSaga
FNDA:2,watchPosts
DA:7,2
DA:11,2
LF:2
LH:2
BRF:0
BRH:0
end_of_record
TN:
SF:/Users/sooryen/Documents/react-18f-test/react-search-app/src/store/sagas/posts.js
FN:5,fetchPostsSaga
FNF:1
FNH:1
FNDA:1,fetchPostsSaga
DA:6,1
DA:7,1
DA:8,1
DA:9,0
DA:10,0
DA:11,0
DA:13,0
DA:14,0
LF:8
LH:3
BRF:0
BRH:0
end_of_record
TN:
SF:/Users/sooryen/Documents/react-18f-test/react-search-app/src/styles/theme.js
FNF:0
FNH:0
DA:3,2
LF:1
LH:1
BRF:0
BRH:0
end_of_record
TN:
SF:/Users/sooryen/Documents/react-18f-test/react-search-app/src/tests/App.test.disabled.js
FN:7,(anonymous_0)
FN:9,(anonymous_1)
FNF:2
FNH:0
FNDA:0,(anonymous_0)
FNDA:0,(anonymous_1)
DA:7,0
DA:9,0
DA:10,0
DA:13,0
LF:4
LH:0
BRF:0
BRH:0
end_of_record
